<?xml version="1.0" encoding="UTF-8"?>
<!-- Generated by org.testng.reporters.JUnitReportReporter -->
<testsuite hostname="DESKTOP-IVJF0DT" failures="0" tests="2" name="EndPoints.Testtest" time="0.021" errors="0" timestamp="2024-02-24T22:10:58 GMT-05:00" skipped="0">
  <testcase classname="EndPoints.Testtest" name="testLogin" time="0.011"/>
  <system-out/>
  <testcase classname="EndPoints.Testtest" name="testLogin" time="0.010"/>
  <system-out/>
</testsuite> <!-- EndPoints.Testtest -->
