<?xml version="1.0" encoding="UTF-8"?>
<!-- Generated by org.testng.reporters.JUnitReportReporter -->
<testsuite hostname="DESKTOP-IVJF0DT" failures="0" tests="5" name="tests.UserTest" time="8.014" errors="0" timestamp="2024-02-04T20:34:24 GMT-05:00" skipped="0">
  <testcase classname="tests.UserTest" name="createUser" time="3.152"/>
  <system-out/>
  <testcase classname="tests.UserTest" name="getAllUsersAndGenerateId" time="1.905"/>
  <system-out/>
  <testcase classname="tests.UserTest" name="getUserById" time="1.075"/>
  <system-out/>
  <testcase classname="tests.UserTest" name="updateUser" time="0.977"/>
  <system-out/>
  <testcase classname="tests.UserTest" name="printUpdatedUser" time="0.905"/>
  <system-out/>
</testsuite> <!-- tests.UserTest -->
